17:12:23.139 DEBUG  [main] o.s.b.c.l.ClasspathLoggingApplicationListener - Application started with classpath: [file:/D:/installation/Java/jdk1.8.0_211/jre/lib/charsets.jar, file:/D:/installation/Java/jdk1.8.0_211/jre/lib/deploy.jar, file:/D:/installation/Java/jdk1.8.0_211/jre/lib/ext/access-bridge-64.jar, file:/D:/installation/Java/jdk1.8.0_211/jre/lib/ext/cldrdata.jar, file:/D:/installation/Java/jdk1.8.0_211/jre/lib/ext/dnsns.jar, file:/D:/installation/Java/jdk1.8.0_211/jre/lib/ext/jaccess.jar, file:/D:/installation/Java/jdk1.8.0_211/jre/lib/ext/jfxrt.jar, file:/D:/installation/Java/jdk1.8.0_211/jre/lib/ext/localedata.jar, file:/D:/installation/Java/jdk1.8.0_211/jre/lib/ext/nashorn.jar, file:/D:/installation/Java/jdk1.8.0_211/jre/lib/ext/sunec.jar, file:/D:/installation/Java/jdk1.8.0_211/jre/lib/ext/sunjce_provider.jar, file:/D:/installation/Java/jdk1.8.0_211/jre/lib/ext/sunmscapi.jar, file:/D:/installation/Java/jdk1.8.0_211/jre/lib/ext/sunpkcs11.jar, file:/D:/installation/Java/jdk1.8.0_211/jre/lib/ext/zipfs.jar, file:/D:/installation/Java/jdk1.8.0_211/jre/lib/javaws.jar, file:/D:/installation/Java/jdk1.8.0_211/jre/lib/jce.jar, file:/D:/installation/Java/jdk1.8.0_211/jre/lib/jfr.jar, file:/D:/installation/Java/jdk1.8.0_211/jre/lib/jfxswt.jar, file:/D:/installation/Java/jdk1.8.0_211/jre/lib/jsse.jar, file:/D:/installation/Java/jdk1.8.0_211/jre/lib/management-agent.jar, file:/D:/installation/Java/jdk1.8.0_211/jre/lib/plugin.jar, file:/D:/installation/Java/jdk1.8.0_211/jre/lib/resources.jar, file:/D:/installation/Java/jdk1.8.0_211/jre/lib/rt.jar, file:/E:/eclipse/practisespace/dubbo-use/spring-test/target/classes/, file:/E:/eclipse/maven-repo-practise/org/springframework/boot/spring-boot-starter/2.1.6.RELEASE/spring-boot-starter-2.1.6.RELEASE.jar, file:/E:/eclipse/maven-repo-practise/org/springframework/boot/spring-boot/2.1.6.RELEASE/spring-boot-2.1.6.RELEASE.jar, file:/E:/eclipse/maven-repo-practise/org/springframework/boot/spring-boot-autoconfigure/2.1.6.RELEASE/spring-boot-autoconfigure-2.1.6.RELEASE.jar, file:/E:/eclipse/maven-repo-practise/org/springframework/boot/spring-boot-starter-logging/2.1.6.RELEASE/spring-boot-starter-logging-2.1.6.RELEASE.jar, file:/E:/eclipse/maven-repo-practise/ch/qos/logback/logback-classic/1.2.3/logback-classic-1.2.3.jar, file:/E:/eclipse/maven-repo-practise/ch/qos/logback/logback-core/1.2.3/logback-core-1.2.3.jar, file:/E:/eclipse/maven-repo-practise/org/apache/logging/log4j/log4j-to-slf4j/2.11.2/log4j-to-slf4j-2.11.2.jar, file:/E:/eclipse/maven-repo-practise/org/apache/logging/log4j/log4j-api/2.11.2/log4j-api-2.11.2.jar, file:/E:/eclipse/maven-repo-practise/org/slf4j/jul-to-slf4j/1.7.26/jul-to-slf4j-1.7.26.jar, file:/E:/eclipse/maven-repo-practise/javax/annotation/javax.annotation-api/1.3.2/javax.annotation-api-1.3.2.jar, file:/E:/eclipse/maven-repo-practise/org/springframework/spring-core/5.1.8.RELEASE/spring-core-5.1.8.RELEASE.jar, file:/E:/eclipse/maven-repo-practise/org/springframework/spring-jcl/5.1.8.RELEASE/spring-jcl-5.1.8.RELEASE.jar, file:/E:/eclipse/maven-repo-practise/org/yaml/snakeyaml/1.23/snakeyaml-1.23.jar, file:/E:/eclipse/maven-repo-practise/org/springframework/boot/spring-boot-starter-batch/2.1.6.RELEASE/spring-boot-starter-batch-2.1.6.RELEASE.jar, file:/E:/eclipse/maven-repo-practise/org/springframework/boot/spring-boot-starter-jdbc/2.1.6.RELEASE/spring-boot-starter-jdbc-2.1.6.RELEASE.jar, file:/E:/eclipse/maven-repo-practise/com/zaxxer/HikariCP/3.2.0/HikariCP-3.2.0.jar, file:/E:/eclipse/maven-repo-practise/org/springframework/batch/spring-batch-core/4.1.2.RELEASE/spring-batch-core-4.1.2.RELEASE.jar, file:/E:/eclipse/maven-repo-practise/com/fasterxml/jackson/core/jackson-databind/2.9.9/jackson-databind-2.9.9.jar, file:/E:/eclipse/maven-repo-practise/com/fasterxml/jackson/core/jackson-annotations/2.9.0/jackson-annotations-2.9.0.jar, file:/E:/eclipse/maven-repo-practise/com/fasterxml/jackson/core/jackson-core/2.9.9/jackson-core-2.9.9.jar, file:/E:/eclipse/maven-repo-practise/javax/batch/javax.batch-api/1.0/javax.batch-api-1.0.jar, file:/E:/eclipse/maven-repo-practise/org/codehaus/jettison/jettison/1.2/jettison-1.2.jar, file:/E:/eclipse/maven-repo-practise/org/springframework/batch/spring-batch-infrastructure/4.1.2.RELEASE/spring-batch-infrastructure-4.1.2.RELEASE.jar, file:/E:/eclipse/maven-repo-practise/org/springframework/retry/spring-retry/1.2.4.RELEASE/spring-retry-1.2.4.RELEASE.jar, file:/E:/eclipse/maven-repo-practise/org/springframework/spring-aop/5.1.8.RELEASE/spring-aop-5.1.8.RELEASE.jar, file:/E:/eclipse/maven-repo-practise/org/springframework/spring-tx/5.1.8.RELEASE/spring-tx-5.1.8.RELEASE.jar, file:/E:/eclipse/maven-repo-practise/org/springframework/spring-jdbc/5.1.8.RELEASE/spring-jdbc-5.1.8.RELEASE.jar, file:/E:/eclipse/maven-repo-practise/org/springframework/spring-context-support/5.1.8.RELEASE/spring-context-support-5.1.8.RELEASE.jar, file:/E:/eclipse/maven-repo-practise/org/springframework/spring-beans/5.1.8.RELEASE/spring-beans-5.1.8.RELEASE.jar, file:/E:/eclipse/maven-repo-practise/org/springframework/spring-context/5.1.8.RELEASE/spring-context-5.1.8.RELEASE.jar, file:/E:/eclipse/maven-repo-practise/org/springframework/spring-expression/5.1.8.RELEASE/spring-expression-5.1.8.RELEASE.jar, file:/E:/eclipse/maven-repo-practise/org/quartz-scheduler/quartz/2.3.0/quartz-2.3.0.jar, file:/E:/eclipse/maven-repo-practise/com/mchange/mchange-commons-java/0.2.11/mchange-commons-java-0.2.11.jar, file:/E:/eclipse/maven-repo-practise/org/slf4j/slf4j-api/1.7.26/slf4j-api-1.7.26.jar, file:/E:/eclipse/maven-repo-practise/mysql/mysql-connector-java/5.1.42/mysql-connector-java-5.1.42.jar, file:/E:/eclipse/maven-repo-practise/com/google/guava/guava/28.0-jre/guava-28.0-jre.jar, file:/E:/eclipse/maven-repo-practise/com/google/guava/failureaccess/1.0.1/failureaccess-1.0.1.jar, file:/E:/eclipse/maven-repo-practise/com/google/guava/listenablefuture/9999.0-empty-to-avoid-conflict-with-guava/listenablefuture-9999.0-empty-to-avoid-conflict-with-guava.jar, file:/E:/eclipse/maven-repo-practise/com/google/code/findbugs/jsr305/3.0.2/jsr305-3.0.2.jar, file:/E:/eclipse/maven-repo-practise/org/checkerframework/checker-qual/2.8.1/checker-qual-2.8.1.jar, file:/E:/eclipse/maven-repo-practise/com/google/errorprone/error_prone_annotations/2.3.2/error_prone_annotations-2.3.2.jar, file:/E:/eclipse/maven-repo-practise/com/google/j2objc/j2objc-annotations/1.3/j2objc-annotations-1.3.jar, file:/E:/eclipse/maven-repo-practise/org/codehaus/mojo/animal-sniffer-annotations/1.17/animal-sniffer-annotations-1.17.jar, file:/E:/eclipse/maven-repo-practise/org/projectlombok/lombok/1.18.10/lombok-1.18.10.jar, file:/E:/eclipse/maven-repo-practise/com/alibaba/fastjson/1.2.58/fastjson-1.2.58.jar, file:/E:/eclipse/maven-repo-practise/com/github/pagehelper/pagehelper/4.0.0/pagehelper-4.0.0.jar, file:/E:/eclipse/maven-repo-practise/com/github/jsqlparser/jsqlparser/0.9.1/jsqlparser-0.9.1.jar, file:/E:/eclipse/maven-repo-practise/com/baomidou/mybatis-plus-boot-starter/3.2.0/mybatis-plus-boot-starter-3.2.0.jar, file:/E:/eclipse/maven-repo-practise/com/baomidou/mybatis-plus/3.2.0/mybatis-plus-3.2.0.jar, file:/E:/eclipse/maven-repo-practise/com/baomidou/mybatis-plus-generator/3.2.0/mybatis-plus-generator-3.2.0.jar, file:/E:/eclipse/maven-repo-practise/com/baomidou/mybatis-plus-extension/3.2.0/mybatis-plus-extension-3.2.0.jar, file:/E:/eclipse/maven-repo-practise/com/baomidou/mybatis-plus-core/3.2.0/mybatis-plus-core-3.2.0.jar, file:/E:/eclipse/maven-repo-practise/com/baomidou/mybatis-plus-annotation/3.2.0/mybatis-plus-annotation-3.2.0.jar, file:/E:/eclipse/maven-repo-practise/org/mybatis/mybatis/3.5.2/mybatis-3.5.2.jar, file:/E:/eclipse/maven-repo-practise/org/mybatis/mybatis-spring/2.0.2/mybatis-spring-2.0.2.jar, file:/E:/eclipse/maven-repo-practise/com/alibaba/druid-spring-boot-starter/1.1.20/druid-spring-boot-starter-1.1.20.jar, file:/E:/eclipse/maven-repo-practise/com/alibaba/druid/1.1.20/druid-1.1.20.jar, file:/E:/eclipse/maven-repo-practise/cn/hutool/hutool-all/5.1.5/hutool-all-5.1.5.jar, file:/E:/eclipse/maven-repo-practise/commons-lang/commons-lang/2.6/commons-lang-2.6.jar, file:/E:/eclipse/maven-repo-practise/org/apache/commons/commons-lang3/3.9/commons-lang3-3.9.jar, file:/E:/eclipse/maven-repo-practise/org/apache/commons/commons-collections4/4.4/commons-collections4-4.4.jar, file:/E:/eclipse/maven-repo-practise/commons-httpclient/commons-httpclient/3.1/commons-httpclient-3.1.jar, file:/E:/eclipse/maven-repo-practise/commons-logging/commons-logging/1.0.4/commons-logging-1.0.4.jar, file:/E:/eclipse/maven-repo-practise/commons-codec/commons-codec/1.11/commons-codec-1.11.jar, file:/E:/eclipse/maven-repo-practise/commons-beanutils/commons-beanutils/1.9.3/commons-beanutils-1.9.3.jar, file:/E:/eclipse/maven-repo-practise/commons-collections/commons-collections/3.2.2/commons-collections-3.2.2.jar, file:/E:/eclipse/maven-repo-practise/commons-net/commons-net/3.6/commons-net-3.6.jar, file:/E:/eclipse/maven-repo-practise/commons-io/commons-io/2.6/commons-io-2.6.jar, file:/E:/eclipse/maven-repo-practise/org/apache/commons/commons-compress/1.18/commons-compress-1.18.jar, file:/E:/eclipse/maven-repo-practise/com/jcraft/jsch/0.1.54/jsch-0.1.54.jar, file:/E:/eclipse/maven-repo-practise/org/apache/velocity/velocity-engine-core/2.0/velocity-engine-core-2.0.jar, file:/D:/installation/IntelliJ%20IDEA%202019.3.2/lib/idea_rt.jar]
17:12:23.258 INFO   [main] c.c.dubbo.springtest.Application - Starting Application on E4280-PC with PID 12780 (E:\eclipse\practisespace\dubbo-use\spring-test\target\classes started by Administrator in E:\eclipse\practisespace\dubbo-use)
17:12:23.258 DEBUG  [main] c.c.dubbo.springtest.Application - Running with Spring Boot v2.1.6.RELEASE, Spring v5.1.8.RELEASE
17:12:23.259 INFO   [main] c.c.dubbo.springtest.Application - The following profiles are active: local
17:12:23.259 DEBUG  [main] o.s.boot.SpringApplication - Loading source class com.crossyf.dubbo.springtest.Application
17:12:23.315 DEBUG  [main] o.s.b.c.c.ConfigFileApplicationListener - Activated activeProfiles local
17:12:23.315 DEBUG  [main] o.s.b.c.c.ConfigFileApplicationListener - Loaded config file 'file:/E:/eclipse/practisespace/dubbo-use/spring-test/target/classes/application.yml' (classpath:/application.yml)
17:12:23.315 DEBUG  [main] o.s.b.c.c.ConfigFileApplicationListener - Loaded config file 'file:/E:/eclipse/practisespace/dubbo-use/spring-test/target/classes/application-local.yml' (classpath:/application-local.yml) for profile local
17:12:23.316 DEBUG  [main] o.s.c.a.AnnotationConfigApplicationContext - Refreshing org.springframework.context.annotation.AnnotationConfigApplicationContext@10683d9d
17:12:23.333 DEBUG  [main] o.s.b.f.s.DefaultListableBeanFactory - Creating shared instance of singleton bean 'org.springframework.context.annotation.internalConfigurationAnnotationProcessor'
17:12:23.354 DEBUG  [main] o.s.b.f.s.DefaultListableBeanFactory - Creating shared instance of singleton bean 'org.springframework.boot.autoconfigure.internalCachingMetadataReaderFactory'
17:12:23.511 DEBUG  [main] o.s.c.a.ClassPathBeanDefinitionScanner - Identified candidate component class: file [E:\eclipse\practisespace\dubbo-use\spring-test\target\classes\com\crossyf\dubbo\springtest\config\AppConfigWithAliasAndScope.class]
17:12:23.513 DEBUG  [main] o.s.c.a.ClassPathBeanDefinitionScanner - Identified candidate component class: file [E:\eclipse\practisespace\dubbo-use\spring-test\target\classes\com\crossyf\dubbo\springtest\config\AppConfigWithDependsOn.class]
17:12:23.516 DEBUG  [main] o.s.c.a.ClassPathBeanDefinitionScanner - Identified candidate component class: file [E:\eclipse\practisespace\dubbo-use\spring-test\target\classes\com\crossyf\dubbo\springtest\config\AppConfigWithLazy.class]
17:12:23.518 DEBUG  [main] o.s.c.a.ClassPathBeanDefinitionScanner - Identified candidate component class: file [E:\eclipse\practisespace\dubbo-use\spring-test\target\classes\com\crossyf\dubbo\springtest\config\AppConfigWithPrimary.class]
17:12:23.519 DEBUG  [main] o.s.c.a.ClassPathBeanDefinitionScanner - Identified candidate component class: file [E:\eclipse\practisespace\dubbo-use\spring-test\target\classes\com\crossyf\dubbo\springtest\config\TestConfig.class]
17:12:23.538 DEBUG  [main] o.s.c.a.ClassPathBeanDefinitionScanner - Identified candidate component class: file [E:\eclipse\practisespace\dubbo-use\spring-test\target\classes\com\crossyf\dubbo\springtest\test\testYml\Popo.class]
17:12:23.539 DEBUG  [main] o.s.c.a.ClassPathBeanDefinitionScanner - Identified candidate component class: file [E:\eclipse\practisespace\dubbo-use\spring-test\target\classes\com\crossyf\dubbo\springtest\test\testYml\Popo2.class]
17:12:24.257 DEBUG  [main] o.s.c.e.PropertySourcesPropertyResolver - Found key 'spring.datasource.type' in PropertySource 'configurationProperties' with value of type String
17:12:24.266 DEBUG  [main] o.s.c.e.PropertySourcesPropertyResolver - Found key 'spring.datasource.type' in PropertySource 'configurationProperties' with value of type String
17:12:24.268 DEBUG  [main] o.s.c.e.PropertySourcesPropertyResolver - Found key 'spring.datasource.type' in PropertySource 'configurationProperties' with value of type String
17:12:24.269 DEBUG  [main] o.s.c.e.PropertySourcesPropertyResolver - Found key 'spring.jmx.enabled' in PropertySource 'configurationProperties' with value of type String
17:12:24.277 DEBUG  [main] o.s.c.e.PropertySourcesPropertyResolver - Found key 'spring.datasource.type' in PropertySource 'configurationProperties' with value of type String
17:12:24.301 DEBUG  [main] o.s.c.e.PropertySourcesPropertyResolver - Found key 'spring.jmx.enabled' in PropertySource 'configurationProperties' with value of type String
17:12:24.303 DEBUG  [main] o.s.c.e.PropertySourcesPropertyResolver - Found key 'spring.application.admin.enabled' in PropertySource 'configurationProperties' with value of type String
17:12:24.428 DEBUG  [main] o.s.b.f.s.DefaultListableBeanFactory - Creating shared instance of singleton bean 'org.springframework.boot.autoconfigure.condition.BeanTypeRegistry'
17:12:24.478 DEBUG  [main] o.s.b.f.s.DefaultListableBeanFactory - Creating shared instance of singleton bean 'org.springframework.boot.autoconfigure.AutoConfigurationPackages'
17:12:24.480 DEBUG  [main] o.s.b.a.AutoConfigurationPackages - @EnableAutoConfiguration was declared on a class in the package 'com.crossyf.dubbo.springtest'. Automatic @Repository and @Entity scanning is enabled.
17:12:24.480 DEBUG  [main] c.b.m.a.MybatisPlusAutoConfiguration - Searching for mappers annotated with @Mapper
17:12:24.480 DEBUG  [main] c.b.m.a.MybatisPlusAutoConfiguration - Using auto-configuration base package 'com.crossyf.dubbo.springtest'
17:12:24.520 DEBUG  [main] o.s.c.e.PropertySourcesPropertyResolver - Found key 'spring.jmx.enabled' in PropertySource 'configurationProperties' with value of type String
17:12:24.520 DEBUG  [main] o.s.c.e.PropertySourcesPropertyResolver - Found key 'spring.application.admin.enabled' in PropertySource 'configurationProperties' with value of type String
17:12:24.612 DEBUG  [main] o.s.b.f.s.DefaultListableBeanFactory - Creating shared instance of singleton bean 'org.mybatis.spring.mapper.MapperScannerConfigurer'
17:12:24.612 DEBUG  [main] o.s.b.f.s.DefaultListableBeanFactory - Creating shared instance of singleton bean 'propertySourcesPlaceholderConfigurer'
17:12:24.622 DEBUG  [main] org.apache.ibatis.logging.LogFactory - Logging initialized using 'class org.apache.ibatis.logging.slf4j.Slf4jImpl' adapter.
17:12:24.632 WARN   [main] o.m.s.mapper.ClassPathMapperScanner - No MyBatis mapper was found in '[com.crossyf.dubbo.springtest]' package. Please check your configuration.
17:12:24.772 DEBUG  [main] o.s.b.f.s.DefaultListableBeanFactory - Creating shared instance of singleton bean 'org.springframework.context.event.internalEventListenerProcessor'
17:12:24.782 DEBUG  [main] o.s.b.f.s.DefaultListableBeanFactory - Creating shared instance of singleton bean 'org.springframework.boot.context.properties.ConfigurationBeanFactoryMetadata'
17:12:24.782 DEBUG  [main] o.s.b.f.s.DefaultListableBeanFactory - Creating shared instance of singleton bean 'dataSourceInitializerSchedulerDependencyPostProcessor'
17:12:24.782 DEBUG  [main] o.s.b.f.s.DefaultListableBeanFactory - Creating shared instance of singleton bean 'org.springframework.context.event.internalEventListenerFactory'
17:12:24.782 DEBUG  [main] o.s.b.f.s.DefaultListableBeanFactory - Creating shared instance of singleton bean 'org.springframework.transaction.config.internalTransactionalEventListenerFactory'
17:12:24.782 DEBUG  [main] o.s.b.f.s.DefaultListableBeanFactory - Creating shared instance of singleton bean 'org.springframework.context.annotation.internalAutowiredAnnotationProcessor'
17:12:24.782 DEBUG  [main] o.s.b.f.s.DefaultListableBeanFactory - Creating shared instance of singleton bean 'org.springframework.context.annotation.internalCommonAnnotationProcessor'
17:12:24.792 DEBUG  [main] o.s.b.f.s.DefaultListableBeanFactory - Creating shared instance of singleton bean 'org.springframework.boot.context.properties.ConfigurationPropertiesBindingPostProcessor'
17:12:24.792 DEBUG  [main] o.s.b.f.s.DefaultListableBeanFactory - Creating shared instance of singleton bean 'dataSourceInitializerPostProcessor'
17:12:24.802 DEBUG  [main] o.s.b.f.s.DefaultListableBeanFactory - Creating shared instance of singleton bean 'persistenceExceptionTranslationPostProcessor'
17:12:24.802 DEBUG  [main] o.s.b.f.s.DefaultListableBeanFactory - Autowiring by type from bean name 'persistenceExceptionTranslationPostProcessor' via factory method to bean named 'environment'
17:12:24.812 DEBUG  [main] o.s.b.f.s.DefaultListableBeanFactory - Creating shared instance of singleton bean 'org.springframework.aop.config.internalAutoProxyCreator'
17:12:24.892 DEBUG  [main] o.s.b.f.s.DefaultListableBeanFactory - Creating shared instance of singleton bean 'application'
17:12:24.892 DEBUG  [main] o.s.b.f.s.DefaultListableBeanFactory - Creating shared instance of singleton bean 'org.springframework.transaction.config.internalTransactionAdvisor'
17:12:24.892 DEBUG  [main] o.s.b.f.s.DefaultListableBeanFactory - Creating shared instance of singleton bean 'org.springframework.transaction.annotation.ProxyTransactionManagementConfiguration'
17:12:24.917 DEBUG  [main] o.s.b.f.s.DefaultListableBeanFactory - Creating shared instance of singleton bean 'transactionAttributeSource'
17:12:24.922 DEBUG  [main] o.s.b.f.s.DefaultListableBeanFactory - Creating shared instance of singleton bean 'transactionInterceptor'
17:12:24.924 DEBUG  [main] o.s.b.f.s.DefaultListableBeanFactory - Creating shared instance of singleton bean 'appConfigWithAliasAndScope'
17:12:24.924 DEBUG  [main] o.s.b.f.s.DefaultListableBeanFactory - Creating shared instance of singleton bean 'appConfigWithDependsOn'
17:12:24.924 DEBUG  [main] o.s.b.f.s.DefaultListableBeanFactory - Creating shared instance of singleton bean 'appConfigWithLazy'
17:12:24.924 DEBUG  [main] o.s.b.f.s.DefaultListableBeanFactory - Creating shared instance of singleton bean 'appConfigWithPrimary'
17:12:24.924 DEBUG  [main] o.s.b.f.s.DefaultListableBeanFactory - Creating shared instance of singleton bean 'testConfig'
17:12:24.924 DEBUG  [main] o.s.b.f.s.DefaultListableBeanFactory - Creating shared instance of singleton bean 'popo'
17:12:24.944 DEBUG  [main] o.s.b.f.s.DefaultListableBeanFactory - Creating shared instance of singleton bean 'popo2'
17:12:24.944 DEBUG  [main] o.s.c.e.PropertySourcesPropertyResolver - Found key 'hehe.haha2' in PropertySource 'configurationProperties' with value of type String
17:12:24.944 DEBUG  [main] o.s.c.e.PropertySourcesPropertyResolver - Found key 'hehe.haha2' in PropertySource 'environmentProperties' with value of type String
17:12:24.944 DEBUG  [main] o.s.b.f.s.DefaultListableBeanFactory - Creating shared instance of singleton bean 'firstBean'
17:12:24.954 DEBUG  [main] o.s.b.f.s.DefaultListableBeanFactory - Creating shared instance of singleton bean 'secondBean'
17:12:24.954 DEBUG  [main] o.s.b.f.s.DefaultListableBeanFactory - Creating shared instance of singleton bean 'thirdBean'
17:12:24.954 DEBUG  [main] o.s.b.f.s.DefaultListableBeanFactory - Creating shared instance of singleton bean 'myBean'
17:12:24.954 DEBUG  [main] o.s.b.f.s.DefaultListableBeanFactory - Creating shared instance of singleton bean 'IfLazyInit'
17:12:24.954 DEBUG  [main] o.s.b.f.s.DefaultListableBeanFactory - Creating shared instance of singleton bean 'myBeanOne'
17:12:24.964 DEBUG  [main] o.s.b.f.s.DefaultListableBeanFactory - Creating shared instance of singleton bean 'myBeanTwo'
17:12:24.964 DEBUG  [main] o.s.b.f.s.DefaultListableBeanFactory - Creating shared instance of singleton bean 'org.springframework.boot.autoconfigure.context.PropertyPlaceholderAutoConfiguration'
17:12:24.964 DEBUG  [main] o.s.b.f.s.DefaultListableBeanFactory - Creating shared instance of singleton bean 'com.alibaba.druid.spring.boot.autoconfigure.stat.DruidFilterConfiguration'
17:12:24.974 DEBUG  [main] o.s.b.f.s.DefaultListableBeanFactory - Creating shared instance of singleton bean 'com.alibaba.druid.spring.boot.autoconfigure.DruidDataSourceAutoConfigure'
17:12:24.974 DEBUG  [main] o.s.b.f.s.DefaultListableBeanFactory - Creating shared instance of singleton bean 'dataSource'
17:12:24.984 INFO   [main] c.a.d.s.b.a.DruidDataSourceAutoConfigure - Init DruidDataSource
17:12:25.044 DEBUG  [main] o.s.b.f.s.DefaultListableBeanFactory - Creating shared instance of singleton bean 'spring.datasource-org.springframework.boot.autoconfigure.jdbc.DataSourceProperties'
17:12:25.186 INFO   [main] c.alibaba.druid.pool.DruidDataSource - {dataSource-1} inited
17:12:25.230 DEBUG  [main] o.s.b.f.s.DefaultListableBeanFactory - Creating shared instance of singleton bean 'org.springframework.boot.autoconfigure.jdbc.DataSourceInitializerInvoker'
17:12:25.234 DEBUG  [main] o.s.b.f.s.DefaultListableBeanFactory - Autowiring by type from bean name 'org.springframework.boot.autoconfigure.jdbc.DataSourceInitializerInvoker' via constructor to bean named 'spring.datasource-org.springframework.boot.autoconfigure.jdbc.DataSourceProperties'
17:12:25.235 DEBUG  [main] o.s.b.f.s.DefaultListableBeanFactory - Autowiring by type from bean name 'org.springframework.boot.autoconfigure.jdbc.DataSourceInitializerInvoker' via constructor to bean named 'org.springframework.context.annotation.AnnotationConfigApplicationContext@10683d9d'
17:12:25.240 DEBUG  [main] o.s.b.f.s.DefaultListableBeanFactory - Creating shared instance of singleton bean 'spring.datasource.druid-com.alibaba.druid.spring.boot.autoconfigure.properties.DruidStatProperties'
17:12:25.245 DEBUG  [main] o.s.b.f.s.DefaultListableBeanFactory - Creating shared instance of singleton bean 'org.springframework.boot.autoconfigure.jdbc.metadata.DataSourcePoolMetadataProvidersConfiguration$HikariPoolDataSourceMetadataProviderConfiguration'
17:12:25.246 DEBUG  [main] o.s.b.f.s.DefaultListableBeanFactory - Creating shared instance of singleton bean 'hikariPoolDataSourceMetadataProvider'
17:12:25.251 DEBUG  [main] o.s.b.f.s.DefaultListableBeanFactory - Creating shared instance of singleton bean 'org.springframework.boot.autoconfigure.jdbc.metadata.DataSourcePoolMetadataProvidersConfiguration'
17:12:25.252 DEBUG  [main] o.s.b.f.s.DefaultListableBeanFactory - Creating shared instance of singleton bean 'org.springframework.boot.autoconfigure.jdbc.DataSourceInitializationConfiguration'
17:12:25.253 DEBUG  [main] o.s.b.f.s.DefaultListableBeanFactory - Creating shared instance of singleton bean 'org.springframework.boot.autoconfigure.jdbc.DataSourceAutoConfiguration'
17:12:25.256 DEBUG  [main] o.s.b.f.s.DefaultListableBeanFactory - Creating shared instance of singleton bean 'com.baomidou.mybatisplus.autoconfigure.MybatisPlusAutoConfiguration$MapperScannerRegistrarNotFoundConfiguration'
17:12:25.258 DEBUG  [main] c.b.m.a.MybatisPlusAutoConfiguration - Not found configuration for registering mapper bean using @MapperScan, MapperFactoryBean and MapperScannerConfigurer.
17:12:25.259 DEBUG  [main] o.s.b.f.s.DefaultListableBeanFactory - Creating shared instance of singleton bean 'com.baomidou.mybatisplus.autoconfigure.MybatisPlusAutoConfiguration'
17:12:25.260 DEBUG  [main] o.s.c.LocalVariableTableParameterNameDiscoverer - Cannot find '.class' file for class [class com.baomidou.mybatisplus.autoconfigure.MybatisPlusAutoConfiguration$$EnhancerBySpringCGLIB$$a6d7b47] - unable to determine constructor/method parameter names
17:12:25.264 DEBUG  [main] o.s.b.f.s.DefaultListableBeanFactory - Creating shared instance of singleton bean 'mybatis-plus-com.baomidou.mybatisplus.autoconfigure.MybatisPlusProperties'
17:12:25.555 DEBUG  [main] o.s.b.f.s.DefaultListableBeanFactory - Autowiring by type from bean name 'com.baomidou.mybatisplus.autoconfigure.MybatisPlusAutoConfiguration' via constructor to bean named 'mybatis-plus-com.baomidou.mybatisplus.autoconfigure.MybatisPlusProperties'
17:12:25.556 DEBUG  [main] o.s.b.f.s.DefaultListableBeanFactory - Autowiring by type from bean name 'com.baomidou.mybatisplus.autoconfigure.MybatisPlusAutoConfiguration' via constructor to bean named 'org.springframework.context.annotation.AnnotationConfigApplicationContext@10683d9d'
17:12:25.562 DEBUG  [main] o.s.b.f.s.DefaultListableBeanFactory - Creating shared instance of singleton bean 'sqlSessionFactory'
17:12:25.562 DEBUG  [main] o.s.b.f.s.DefaultListableBeanFactory - Autowiring by type from bean name 'sqlSessionFactory' via factory method to bean named 'dataSource'
17:12:25.783 DEBUG  [main] c.b.m.core.MybatisConfiguration - addMappedStatement: com.eshore.springbatch.mapper.ConfTableExecutionMapper.insert
17:12:25.793 DEBUG  [main] c.b.m.core.MybatisConfiguration - addMappedStatement: com.eshore.springbatch.mapper.ConfTableExecutionMapper.delete
17:12:25.797 DEBUG  [main] c.b.m.core.MybatisConfiguration - addMappedStatement: com.eshore.springbatch.mapper.ConfTableExecutionMapper.deleteByMap
17:12:25.878 DEBUG  [main] c.b.m.core.MybatisConfiguration - addMappedStatement: com.eshore.springbatch.mapper.ConfTableExecutionMapper.deleteById
17:12:25.881 DEBUG  [main] c.b.m.core.MybatisConfiguration - addMappedStatement: com.eshore.springbatch.mapper.ConfTableExecutionMapper.deleteBatchIds
17:12:25.897 DEBUG  [main] c.b.m.core.MybatisConfiguration - addMappedStatement: com.eshore.springbatch.mapper.ConfTableExecutionMapper.update
17:12:25.904 DEBUG  [main] c.b.m.core.MybatisConfiguration - addMappedStatement: com.eshore.springbatch.mapper.ConfTableExecutionMapper.updateById
17:12:25.905 DEBUG  [main] c.b.m.core.MybatisConfiguration - addMappedStatement: com.eshore.springbatch.mapper.ConfTableExecutionMapper.selectById
17:12:25.909 DEBUG  [main] c.b.m.core.MybatisConfiguration - addMappedStatement: com.eshore.springbatch.mapper.ConfTableExecutionMapper.selectBatchIds
17:12:25.912 DEBUG  [main] c.b.m.core.MybatisConfiguration - addMappedStatement: com.eshore.springbatch.mapper.ConfTableExecutionMapper.selectByMap
17:12:25.917 DEBUG  [main] c.b.m.core.MybatisConfiguration - addMappedStatement: com.eshore.springbatch.mapper.ConfTableExecutionMapper.selectOne
17:12:25.922 DEBUG  [main] c.b.m.core.MybatisConfiguration - addMappedStatement: com.eshore.springbatch.mapper.ConfTableExecutionMapper.selectCount
17:12:25.943 DEBUG  [main] c.b.m.core.MybatisConfiguration - addMappedStatement: com.eshore.springbatch.mapper.ConfTableExecutionMapper.selectMaps
17:12:25.949 DEBUG  [main] c.b.m.core.MybatisConfiguration - addMappedStatement: com.eshore.springbatch.mapper.ConfTableExecutionMapper.selectMapsPage
17:12:25.958 DEBUG  [main] c.b.m.core.MybatisConfiguration - addMappedStatement: com.eshore.springbatch.mapper.ConfTableExecutionMapper.selectObjs
17:12:25.963 DEBUG  [main] c.b.m.core.MybatisConfiguration - addMappedStatement: com.eshore.springbatch.mapper.ConfTableExecutionMapper.selectList
17:12:25.968 DEBUG  [main] c.b.m.core.MybatisConfiguration - addMappedStatement: com.eshore.springbatch.mapper.ConfTableExecutionMapper.selectPage
17:12:25.969 DEBUG  [main] c.b.m.e.s.MybatisSqlSessionFactoryBean - Parsed mapper file: 'file [E:\eclipse\practisespace\dubbo-use\spring-test\target\classes\mapper\ConfTableExecutionMapper.xml]'
17:12:25.976 DEBUG  [main] o.s.b.f.s.DefaultListableBeanFactory - Creating shared instance of singleton bean 'sqlSessionTemplate'
17:12:25.985 DEBUG  [main] o.s.b.f.s.DefaultListableBeanFactory - Autowiring by type from bean name 'sqlSessionTemplate' via factory method to bean named 'sqlSessionFactory'
17:12:26.024 DEBUG  [main] o.s.b.f.s.DefaultListableBeanFactory - Creating shared instance of singleton bean 'org.springframework.boot.autoconfigure.jmx.JmxAutoConfiguration'
17:12:26.028 DEBUG  [main] o.s.b.f.s.DefaultListableBeanFactory - Creating shared instance of singleton bean 'mbeanExporter'
17:12:26.029 DEBUG  [main] o.s.b.f.s.DefaultListableBeanFactory - Creating shared instance of singleton bean 'objectNamingStrategy'
17:12:26.033 DEBUG  [main] o.s.b.f.s.DefaultListableBeanFactory - Autowiring by type from bean name 'mbeanExporter' via factory method to bean named 'objectNamingStrategy'
17:12:26.120 DEBUG  [main] o.s.b.f.s.DefaultListableBeanFactory - Creating shared instance of singleton bean 'mbeanServer'
17:12:26.126 DEBUG  [main] o.s.jmx.support.JmxUtils - Found MBeanServer: com.sun.jmx.mbeanserver.JmxMBeanServer@4783da3f
17:12:26.135 DEBUG  [main] o.s.b.f.s.DefaultListableBeanFactory - Creating shared instance of singleton bean 'org.springframework.boot.autoconfigure.admin.SpringApplicationAdminJmxAutoConfiguration'
17:12:26.139 DEBUG  [main] o.s.c.LocalVariableTableParameterNameDiscoverer - Cannot find '.class' file for class [class org.springframework.boot.autoconfigure.admin.SpringApplicationAdminJmxAutoConfiguration$$EnhancerBySpringCGLIB$$5f51af7b] - unable to determine constructor/method parameter names
17:12:26.140 DEBUG  [main] o.s.b.f.s.DefaultListableBeanFactory - Autowiring by type from bean name 'org.springframework.boot.autoconfigure.admin.SpringApplicationAdminJmxAutoConfiguration' via constructor to bean named 'environment'
17:12:26.143 DEBUG  [main] o.s.b.f.s.DefaultListableBeanFactory - Creating shared instance of singleton bean 'springApplicationAdminRegistrar'
17:12:26.150 DEBUG  [main] o.s.b.a.SpringApplicationAdminMXBeanRegistrar$SpringApplicationAdmin - Application Admin MBean registered with name 'org.springframework.boot:type=Admin,name=SpringApplication'
17:12:26.151 DEBUG  [main] o.s.b.f.s.DefaultListableBeanFactory - Creating shared instance of singleton bean 'org.springframework.boot.autoconfigure.context.ConfigurationPropertiesAutoConfiguration'
17:12:26.153 DEBUG  [main] o.s.b.f.s.DefaultListableBeanFactory - Creating shared instance of singleton bean 'org.springframework.boot.autoconfigure.dao.PersistenceExceptionTranslationAutoConfiguration'
17:12:26.154 DEBUG  [main] o.s.b.f.s.DefaultListableBeanFactory - Creating shared instance of singleton bean 'org.springframework.boot.autoconfigure.info.ProjectInfoAutoConfiguration'
17:12:26.156 DEBUG  [main] o.s.c.LocalVariableTableParameterNameDiscoverer - Cannot find '.class' file for class [class org.springframework.boot.autoconfigure.info.ProjectInfoAutoConfiguration$$EnhancerBySpringCGLIB$$89f1bc6] - unable to determine constructor/method parameter names
17:12:26.157 DEBUG  [main] o.s.b.f.s.DefaultListableBeanFactory - Creating shared instance of singleton bean 'spring.info-org.springframework.boot.autoconfigure.info.ProjectInfoProperties'
17:12:26.159 DEBUG  [main] o.s.b.f.s.DefaultListableBeanFactory - Autowiring by type from bean name 'org.springframework.boot.autoconfigure.info.ProjectInfoAutoConfiguration' via constructor to bean named 'spring.info-org.springframework.boot.autoconfigure.info.ProjectInfoProperties'
17:12:26.160 DEBUG  [main] o.s.b.f.s.DefaultListableBeanFactory - Creating shared instance of singleton bean 'org.springframework.boot.autoconfigure.jackson.JacksonAutoConfiguration'
17:12:26.161 DEBUG  [main] o.s.b.f.s.DefaultListableBeanFactory - Creating shared instance of singleton bean 'jsonComponentModule'
17:12:26.178 DEBUG  [main] o.s.b.f.s.DefaultListableBeanFactory - Creating shared instance of singleton bean 'org.springframework.boot.autoconfigure.jdbc.JdbcTemplateAutoConfiguration$JdbcTemplateConfiguration'
17:12:26.223 DEBUG  [main] o.s.c.LocalVariableTableParameterNameDiscoverer - Cannot find '.class' file for class [class org.springframework.boot.autoconfigure.jdbc.JdbcTemplateAutoConfiguration$JdbcTemplateConfiguration$$EnhancerBySpringCGLIB$$e5303d1a] - unable to determine constructor/method parameter names
17:12:26.223 DEBUG  [main] o.s.b.f.s.DefaultListableBeanFactory - Creating shared instance of singleton bean 'spring.jdbc-org.springframework.boot.autoconfigure.jdbc.JdbcProperties'
17:12:26.224 DEBUG  [main] o.s.b.f.s.DefaultListableBeanFactory - Autowiring by type from bean name 'org.springframework.boot.autoconfigure.jdbc.JdbcTemplateAutoConfiguration$JdbcTemplateConfiguration' via constructor to bean named 'dataSource'
17:12:26.225 DEBUG  [main] o.s.b.f.s.DefaultListableBeanFactory - Autowiring by type from bean name 'org.springframework.boot.autoconfigure.jdbc.JdbcTemplateAutoConfiguration$JdbcTemplateConfiguration' via constructor to bean named 'spring.jdbc-org.springframework.boot.autoconfigure.jdbc.JdbcProperties'
17:12:26.225 DEBUG  [main] o.s.b.f.s.DefaultListableBeanFactory - Creating shared instance of singleton bean 'jdbcTemplate'
17:12:26.238 DEBUG  [main] o.s.b.f.s.DefaultListableBeanFactory - Creating shared instance of singleton bean 'org.springframework.boot.autoconfigure.jdbc.JdbcTemplateAutoConfiguration$NamedParameterJdbcTemplateConfiguration'
17:12:26.238 DEBUG  [main] o.s.b.f.s.DefaultListableBeanFactory - Creating shared instance of singleton bean 'namedParameterJdbcTemplate'
17:12:26.238 DEBUG  [main] o.s.b.f.s.DefaultListableBeanFactory - Autowiring by type from bean name 'namedParameterJdbcTemplate' via factory method to bean named 'jdbcTemplate'
17:12:26.248 DEBUG  [main] o.s.b.f.s.DefaultListableBeanFactory - Creating shared instance of singleton bean 'org.springframework.boot.autoconfigure.jdbc.JdbcTemplateAutoConfiguration'
17:12:26.248 DEBUG  [main] o.s.b.f.s.DefaultListableBeanFactory - Creating shared instance of singleton bean 'org.springframework.boot.autoconfigure.quartz.QuartzAutoConfiguration$JdbcStoreTypeConfiguration'
17:12:26.248 DEBUG  [main] o.s.b.f.s.DefaultListableBeanFactory - Creating shared instance of singleton bean 'dataSourceCustomizer'
17:12:26.248 DEBUG  [main] o.s.b.f.s.DefaultListableBeanFactory - Creating shared instance of singleton bean 'spring.quartz-org.springframework.boot.autoconfigure.quartz.QuartzProperties'
17:12:26.248 DEBUG  [main] o.s.b.f.s.DefaultListableBeanFactory - Autowiring by type from bean name 'dataSourceCustomizer' via factory method to bean named 'spring.quartz-org.springframework.boot.autoconfigure.quartz.QuartzProperties'
17:12:26.248 DEBUG  [main] o.s.b.f.s.DefaultListableBeanFactory - Autowiring by type from bean name 'dataSourceCustomizer' via factory method to bean named 'dataSource'
17:12:26.258 DEBUG  [main] o.s.b.f.s.DefaultListableBeanFactory - Creating shared instance of singleton bean 'quartzDataSourceInitializer'
17:12:26.258 DEBUG  [main] o.s.b.f.s.DefaultListableBeanFactory - Autowiring by type from bean name 'quartzDataSourceInitializer' via factory method to bean named 'dataSource'
17:12:26.258 DEBUG  [main] o.s.b.f.s.DefaultListableBeanFactory - Autowiring by type from bean name 'quartzDataSourceInitializer' via factory method to bean named 'org.springframework.context.annotation.AnnotationConfigApplicationContext@10683d9d'
17:12:26.258 DEBUG  [main] o.s.b.f.s.DefaultListableBeanFactory - Autowiring by type from bean name 'quartzDataSourceInitializer' via factory method to bean named 'spring.quartz-org.springframework.boot.autoconfigure.quartz.QuartzProperties'
17:12:26.268 DEBUG  [main] o.s.jdbc.datasource.DataSourceUtils - Fetching JDBC Connection from DataSource
17:12:26.590 DEBUG  [main] o.s.b.f.s.DefaultListableBeanFactory - Creating shared instance of singleton bean 'org.springframework.boot.autoconfigure.quartz.QuartzAutoConfiguration'
17:12:26.590 DEBUG  [main] o.s.c.LocalVariableTableParameterNameDiscoverer - Cannot find '.class' file for class [class org.springframework.boot.autoconfigure.quartz.QuartzAutoConfiguration$$EnhancerBySpringCGLIB$$ad6552f7] - unable to determine constructor/method parameter names
17:12:26.595 DEBUG  [main] o.s.b.f.s.DefaultListableBeanFactory - Autowiring by type from bean name 'org.springframework.boot.autoconfigure.quartz.QuartzAutoConfiguration' via constructor to bean named 'spring.quartz-org.springframework.boot.autoconfigure.quartz.QuartzProperties'
17:12:26.596 DEBUG  [main] o.s.b.f.s.DefaultListableBeanFactory - Autowiring by type from bean name 'org.springframework.boot.autoconfigure.quartz.QuartzAutoConfiguration' via constructor to bean named 'org.springframework.context.annotation.AnnotationConfigApplicationContext@10683d9d'
17:12:26.599 DEBUG  [main] o.s.b.f.s.DefaultListableBeanFactory - Creating shared instance of singleton bean 'quartzScheduler'
17:12:26.646 INFO   [main] org.quartz.impl.StdSchedulerFactory - Using default implementation for ThreadExecutor
17:12:26.670 INFO   [main] o.quartz.core.SchedulerSignalerImpl - Initialized Scheduler Signaller of type: class org.quartz.core.SchedulerSignalerImpl
17:12:26.670 INFO   [main] org.quartz.core.QuartzScheduler - Quartz Scheduler v.2.3.0 created.
17:12:26.671 INFO   [main] org.quartz.simpl.RAMJobStore - RAMJobStore initialized.
17:12:26.673 INFO   [main] org.quartz.core.QuartzScheduler - Scheduler meta-data: Quartz Scheduler (v2.3.0) 'quartzScheduler' with instanceId 'NON_CLUSTERED'
  Scheduler class: 'org.quartz.core.QuartzScheduler' - running locally.
  NOT STARTED.
  Currently in standby mode.
  Number of jobs executed: 0
  Using thread pool 'org.quartz.simpl.SimpleThreadPool' - with 10 threads.
  Using job-store 'org.quartz.simpl.RAMJobStore' - which does not support persistence. and is not clustered.

17:12:26.673 INFO   [main] org.quartz.impl.StdSchedulerFactory - Quartz scheduler 'quartzScheduler' initialized from an externally provided properties instance.
17:12:26.673 INFO   [main] org.quartz.impl.StdSchedulerFactory - Quartz scheduler version: 2.3.0
17:12:26.673 INFO   [main] org.quartz.core.QuartzScheduler - JobFactory set to: org.springframework.scheduling.quartz.SpringBeanJobFactory@1af05b03
17:12:26.674 DEBUG  [main] o.s.b.f.s.DefaultListableBeanFactory - Creating shared instance of singleton bean 'org.springframework.boot.autoconfigure.task.TaskExecutionAutoConfiguration'
17:12:26.675 DEBUG  [main] o.s.c.LocalVariableTableParameterNameDiscoverer - Cannot find '.class' file for class [class org.springframework.boot.autoconfigure.task.TaskExecutionAutoConfiguration$$EnhancerBySpringCGLIB$$5844a783] - unable to determine constructor/method parameter names
17:12:26.676 DEBUG  [main] o.s.b.f.s.DefaultListableBeanFactory - Creating shared instance of singleton bean 'spring.task.execution-org.springframework.boot.autoconfigure.task.TaskExecutionProperties'
17:12:26.678 DEBUG  [main] o.s.b.f.s.DefaultListableBeanFactory - Autowiring by type from bean name 'org.springframework.boot.autoconfigure.task.TaskExecutionAutoConfiguration' via constructor to bean named 'spring.task.execution-org.springframework.boot.autoconfigure.task.TaskExecutionProperties'
17:12:26.678 DEBUG  [main] o.s.b.f.s.DefaultListableBeanFactory - Creating shared instance of singleton bean 'taskExecutorBuilder'
17:12:26.683 DEBUG  [main] o.s.b.f.s.DefaultListableBeanFactory - Creating shared instance of singleton bean 'org.springframework.boot.autoconfigure.task.TaskSchedulingAutoConfiguration'
17:12:26.684 DEBUG  [main] o.s.b.f.s.DefaultListableBeanFactory - Creating shared instance of singleton bean 'taskSchedulerBuilder'
17:12:26.685 DEBUG  [main] o.s.b.f.s.DefaultListableBeanFactory - Creating shared instance of singleton bean 'spring.task.scheduling-org.springframework.boot.autoconfigure.task.TaskSchedulingProperties'
17:12:26.702 DEBUG  [main] o.s.b.f.s.DefaultListableBeanFactory - Autowiring by type from bean name 'taskSchedulerBuilder' via factory method to bean named 'spring.task.scheduling-org.springframework.boot.autoconfigure.task.TaskSchedulingProperties'
17:12:26.706 DEBUG  [main] o.s.b.f.s.DefaultListableBeanFactory - Creating shared instance of singleton bean 'org.springframework.boot.autoconfigure.jdbc.DataSourceTransactionManagerAutoConfiguration$DataSourceTransactionManagerConfiguration'
17:12:26.707 DEBUG  [main] o.s.c.LocalVariableTableParameterNameDiscoverer - Cannot find '.class' file for class [class org.springframework.boot.autoconfigure.jdbc.DataSourceTransactionManagerAutoConfiguration$DataSourceTransactionManagerConfiguration$$EnhancerBySpringCGLIB$$79a5a71c] - unable to determine constructor/method parameter names
17:12:26.707 DEBUG  [main] o.s.b.f.s.DefaultListableBeanFactory - Autowiring by type from bean name 'org.springframework.boot.autoconfigure.jdbc.DataSourceTransactionManagerAutoConfiguration$DataSourceTransactionManagerConfiguration' via constructor to bean named 'dataSource'
17:12:26.708 DEBUG  [main] o.s.b.f.s.DefaultListableBeanFactory - Creating shared instance of singleton bean 'platformTransactionManagerCustomizers'
17:12:26.709 DEBUG  [main] o.s.b.f.s.DefaultListableBeanFactory - Creating shared instance of singleton bean 'org.springframework.boot.autoconfigure.transaction.TransactionAutoConfiguration'
17:12:26.784 DEBUG  [main] o.s.b.f.s.DefaultListableBeanFactory - Creating shared instance of singleton bean 'spring.transaction-org.springframework.boot.autoconfigure.transaction.TransactionProperties'
17:12:26.794 DEBUG  [main] o.s.b.f.s.DefaultListableBeanFactory - Creating shared instance of singleton bean 'transactionManager'
17:12:26.794 DEBUG  [main] o.s.b.f.s.DefaultListableBeanFactory - Autowiring by type from bean name 'transactionManager' via factory method to bean named 'spring.datasource-org.springframework.boot.autoconfigure.jdbc.DataSourceProperties'
17:12:26.804 DEBUG  [main] o.s.b.f.s.DefaultListableBeanFactory - Creating shared instance of singleton bean 'org.springframework.boot.autoconfigure.jdbc.DataSourceTransactionManagerAutoConfiguration'
17:12:26.804 DEBUG  [main] o.s.b.f.s.DefaultListableBeanFactory - Creating shared instance of singleton bean 'org.springframework.boot.autoconfigure.transaction.TransactionAutoConfiguration$EnableTransactionManagementConfiguration$CglibAutoProxyConfiguration'
17:12:26.804 DEBUG  [main] o.s.b.f.s.DefaultListableBeanFactory - Creating shared instance of singleton bean 'org.springframework.boot.autoconfigure.transaction.TransactionAutoConfiguration$EnableTransactionManagementConfiguration'
17:12:26.804 DEBUG  [main] o.s.b.f.s.DefaultListableBeanFactory - Creating shared instance of singleton bean 'org.springframework.boot.autoconfigure.transaction.TransactionAutoConfiguration$TransactionTemplateConfiguration'
17:12:26.804 DEBUG  [main] o.s.c.LocalVariableTableParameterNameDiscoverer - Cannot find '.class' file for class [class org.springframework.boot.autoconfigure.transaction.TransactionAutoConfiguration$TransactionTemplateConfiguration$$EnhancerBySpringCGLIB$$cb2f6bef] - unable to determine constructor/method parameter names
17:12:26.804 DEBUG  [main] o.s.b.f.s.DefaultListableBeanFactory - Autowiring by type from bean name 'org.springframework.boot.autoconfigure.transaction.TransactionAutoConfiguration$TransactionTemplateConfiguration' via constructor to bean named 'transactionManager'
17:12:26.804 DEBUG  [main] o.s.b.f.s.DefaultListableBeanFactory - Creating shared instance of singleton bean 'transactionTemplate'
17:12:26.824 DEBUG  [main] o.s.j.e.a.AnnotationMBeanExporter - Registering beans for JMX exposure on startup
17:12:26.824 DEBUG  [main] o.s.j.e.a.AnnotationMBeanExporter - Autodetecting user-defined JMX MBeans
17:12:26.824 DEBUG  [main] o.s.j.e.a.AnnotationMBeanExporter - Bean with name 'dataSource' has been autodetected for JMX exposure
17:12:26.834 DEBUG  [main] o.s.j.e.a.AnnotationMBeanExporter - Located MBean 'dataSource': registering with JMX server as MBean [com.alibaba.druid.spring.boot.autoconfigure:name=dataSource,type=DruidDataSourceWrapper]
17:12:26.844 DEBUG  [main] o.s.c.s.DefaultLifecycleProcessor - Starting beans in phase 2147483647
17:12:26.844 INFO   [main] o.s.s.quartz.SchedulerFactoryBean - Starting Quartz Scheduler now
17:12:26.844 INFO   [main] org.quartz.core.QuartzScheduler - Scheduler quartzScheduler_$_NON_CLUSTERED started.
17:12:26.844 DEBUG  [main] o.s.c.s.DefaultLifecycleProcessor - Successfully started bean 'quartzScheduler'
17:12:26.854 DEBUG  [quartzScheduler_QuartzSchedulerThread] o.quartz.core.QuartzSchedulerThread - batch acquisition of 0 triggers
17:12:26.920 DEBUG  [main] o.s.b.a.l.ConditionEvaluationReportLoggingListener - 


============================
CONDITIONS EVALUATION REPORT
============================


Positive matches:
-----------------

   BatchConfigurerConfiguration matched:
      - @ConditionalOnClass found required class 'org.springframework.transaction.PlatformTransactionManager' (OnClassCondition)

   DataSourceAutoConfiguration matched:
      - @ConditionalOnClass found required classes 'javax.sql.DataSource', 'org.springframework.jdbc.datasource.embedded.EmbeddedDatabaseType' (OnClassCondition)

   DataSourceConfiguration.Generic matched:
      - @ConditionalOnProperty (spring.datasource.type) matched (OnPropertyCondition)

   DataSourceJmxConfiguration matched:
      - @ConditionalOnProperty (spring.jmx.enabled=true) matched (OnPropertyCondition)

   DataSourceJmxConfiguration.Hikari matched:
      - @ConditionalOnClass found required class 'com.zaxxer.hikari.HikariDataSource' (OnClassCondition)

   DataSourcePoolMetadataProvidersConfiguration.HikariPoolDataSourceMetadataProviderConfiguration matched:
      - @ConditionalOnClass found required class 'com.zaxxer.hikari.HikariDataSource' (OnClassCondition)

   DataSourceTransactionManagerAutoConfiguration matched:
      - @ConditionalOnClass found required classes 'org.springframework.jdbc.core.JdbcTemplate', 'org.springframework.transaction.PlatformTransactionManager' (OnClassCondition)

   DataSourceTransactionManagerAutoConfiguration.DataSourceTransactionManagerConfiguration matched:
      - @ConditionalOnSingleCandidate (types: javax.sql.DataSource; SearchStrategy: all) found a primary bean from beans 'dataSource' (OnBeanCondition)

   DataSourceTransactionManagerAutoConfiguration.DataSourceTransactionManagerConfiguration#transactionManager matched:
      - @ConditionalOnMissingBean (types: org.springframework.transaction.PlatformTransactionManager; SearchStrategy: all) did not find any beans (OnBeanCondition)

   DruidDataSourceAutoConfigure matched:
      - @ConditionalOnClass found required class 'com.alibaba.druid.pool.DruidDataSource' (OnClassCondition)

   DruidDataSourceAutoConfigure#dataSource matched:
      - @ConditionalOnMissingBean (types: javax.sql.DataSource; SearchStrategy: all) did not find any beans (OnBeanCondition)

   GenericCacheConfiguration matched:
      - Cache org.springframework.boot.autoconfigure.cache.GenericCacheConfiguration automatic cache type (CacheCondition)

   JacksonAutoConfiguration matched:
      - @ConditionalOnClass found required class 'com.fasterxml.jackson.databind.ObjectMapper' (OnClassCondition)

   JdbcTemplateAutoConfiguration matched:
      - @ConditionalOnClass found required classes 'javax.sql.DataSource', 'org.springframework.jdbc.core.JdbcTemplate' (OnClassCondition)
      - @ConditionalOnSingleCandidate (types: javax.sql.DataSource; SearchStrategy: all) found a primary bean from beans 'dataSource' (OnBeanCondition)

   JdbcTemplateAutoConfiguration.JdbcTemplateConfiguration#jdbcTemplate matched:
      - @ConditionalOnMissingBean (types: org.springframework.jdbc.core.JdbcOperations; SearchStrategy: all) did not find any beans (OnBeanCondition)

   JdbcTemplateAutoConfiguration.NamedParameterJdbcTemplateConfiguration#namedParameterJdbcTemplate matched:
      - @ConditionalOnSingleCandidate (types: org.springframework.jdbc.core.JdbcTemplate; SearchStrategy: all) found a primary bean from beans 'jdbcTemplate'; @ConditionalOnMissingBean (types: org.springframework.jdbc.core.namedparam.NamedParameterJdbcOperations; SearchStrategy: all) did not find any beans (OnBeanCondition)

   JmxAutoConfiguration matched:
      - @ConditionalOnClass found required class 'org.springframework.jmx.export.MBeanExporter' (OnClassCondition)
      - @ConditionalOnProperty (spring.jmx.enabled=true) matched (OnPropertyCondition)

   JmxAutoConfiguration#mbeanExporter matched:
      - @ConditionalOnMissingBean (types: org.springframework.jmx.export.MBeanExporter; SearchStrategy: current) did not find any beans (OnBeanCondition)

   JmxAutoConfiguration#mbeanServer matched:
      - @ConditionalOnMissingBean (types: javax.management.MBeanServer; SearchStrategy: all) did not find any beans (OnBeanCondition)

   JmxAutoConfiguration#objectNamingStrategy matched:
      - @ConditionalOnMissingBean (types: org.springframework.jmx.export.naming.ObjectNamingStrategy; SearchStrategy: current) did not find any beans (OnBeanCondition)

   MybatisPlusAutoConfiguration matched:
      - @ConditionalOnClass found required classes 'org.apache.ibatis.session.SqlSessionFactory', 'org.mybatis.spring.SqlSessionFactoryBean' (OnClassCondition)
      - @ConditionalOnSingleCandidate (types: javax.sql.DataSource; SearchStrategy: all) found a primary bean from beans 'dataSource' (OnBeanCondition)

   MybatisPlusAutoConfiguration#sqlSessionFactory matched:
      - @ConditionalOnMissingBean (types: org.apache.ibatis.session.SqlSessionFactory; SearchStrategy: all) did not find any beans (OnBeanCondition)

   MybatisPlusAutoConfiguration#sqlSessionTemplate matched:
      - @ConditionalOnMissingBean (types: org.mybatis.spring.SqlSessionTemplate; SearchStrategy: all) did not find any beans (OnBeanCondition)

   MybatisPlusAutoConfiguration.MapperScannerRegistrarNotFoundConfiguration matched:
      - @ConditionalOnMissingBean (types: org.mybatis.spring.mapper.MapperFactoryBean,org.mybatis.spring.mapper.MapperScannerConfigurer; SearchStrategy: all) did not find any beans (OnBeanCondition)

   NoOpCacheConfiguration matched:
      - Cache org.springframework.boot.autoconfigure.cache.NoOpCacheConfiguration automatic cache type (CacheCondition)

   PersistenceExceptionTranslationAutoConfiguration matched:
      - @ConditionalOnClass found required class 'org.springframework.dao.annotation.PersistenceExceptionTranslationPostProcessor' (OnClassCondition)

   PersistenceExceptionTranslationAutoConfiguration#persistenceExceptionTranslationPostProcessor matched:
      - @ConditionalOnProperty (spring.dao.exceptiontranslation.enabled) matched (OnPropertyCondition)
      - @ConditionalOnMissingBean (types: org.springframework.dao.annotation.PersistenceExceptionTranslationPostProcessor; SearchStrategy: all) did not find any beans (OnBeanCondition)

   PropertyPlaceholderAutoConfiguration#propertySourcesPlaceholderConfigurer matched:
      - @ConditionalOnMissingBean (types: org.springframework.context.support.PropertySourcesPlaceholderConfigurer; SearchStrategy: current) did not find any beans (OnBeanCondition)

   QuartzAutoConfiguration matched:
      - @ConditionalOnClass found required classes 'org.quartz.Scheduler', 'org.springframework.scheduling.quartz.SchedulerFactoryBean', 'org.springframework.transaction.PlatformTransactionManager' (OnClassCondition)

   QuartzAutoConfiguration#quartzScheduler matched:
      - @ConditionalOnMissingBean (types: org.springframework.scheduling.quartz.SchedulerFactoryBean; SearchStrategy: all) did not find any beans (OnBeanCondition)

   QuartzAutoConfiguration.JdbcStoreTypeConfiguration matched:
      - @ConditionalOnSingleCandidate (types: javax.sql.DataSource; SearchStrategy: all) found a primary bean from beans 'dataSource' (OnBeanCondition)

   QuartzAutoConfiguration.JdbcStoreTypeConfiguration#quartzDataSourceInitializer matched:
      - @ConditionalOnMissingBean (types: org.springframework.boot.autoconfigure.quartz.QuartzDataSourceInitializer; SearchStrategy: all) did not find any beans (OnBeanCondition)

   SimpleCacheConfiguration matched:
      - Cache org.springframework.boot.autoconfigure.cache.SimpleCacheConfiguration automatic cache type (CacheCondition)

   SpringApplicationAdminJmxAutoConfiguration matched:
      - @ConditionalOnProperty (spring.application.admin.enabled=true) matched (OnPropertyCondition)

   SpringApplicationAdminJmxAutoConfiguration#springApplicationAdminRegistrar matched:
      - @ConditionalOnMissingBean (types: org.springframework.boot.admin.SpringApplicationAdminMXBeanRegistrar; SearchStrategy: all) did not find any beans (OnBeanCondition)

   TaskExecutionAutoConfiguration matched:
      - @ConditionalOnClass found required class 'org.springframework.scheduling.concurrent.ThreadPoolTaskExecutor' (OnClassCondition)

   TaskExecutionAutoConfiguration#applicationTaskExecutor matched:
      - @ConditionalOnMissingBean (types: java.util.concurrent.Executor; SearchStrategy: all) did not find any beans (OnBeanCondition)

   TaskExecutionAutoConfiguration#taskExecutorBuilder matched:
      - @ConditionalOnMissingBean (types: org.springframework.boot.task.TaskExecutorBuilder; SearchStrategy: all) did not find any beans (OnBeanCondition)

   TaskSchedulingAutoConfiguration matched:
      - @ConditionalOnClass found required class 'org.springframework.scheduling.concurrent.ThreadPoolTaskScheduler' (OnClassCondition)

   TaskSchedulingAutoConfiguration#taskSchedulerBuilder matched:
      - @ConditionalOnMissingBean (types: org.springframework.boot.task.TaskSchedulerBuilder; SearchStrategy: all) did not find any beans (OnBeanCondition)

   TransactionAutoConfiguration matched:
      - @ConditionalOnClass found required class 'org.springframework.transaction.PlatformTransactionManager' (OnClassCondition)

   TransactionAutoConfiguration#platformTransactionManagerCustomizers matched:
      - @ConditionalOnMissingBean (types: org.springframework.boot.autoconfigure.transaction.TransactionManagerCustomizers; SearchStrategy: all) did not find any beans (OnBeanCondition)

   TransactionAutoConfiguration.EnableTransactionManagementConfiguration matched:
      - @ConditionalOnBean (types: org.springframework.transaction.PlatformTransactionManager; SearchStrategy: all) found bean 'transactionManager'; @ConditionalOnMissingBean (types: org.springframework.transaction.annotation.AbstractTransactionManagementConfiguration; SearchStrategy: all) did not find any beans (OnBeanCondition)

   TransactionAutoConfiguration.EnableTransactionManagementConfiguration.CglibAutoProxyConfiguration matched:
      - @ConditionalOnProperty (spring.aop.proxy-target-class=true) matched (OnPropertyCondition)

   TransactionAutoConfiguration.TransactionTemplateConfiguration matched:
      - @ConditionalOnSingleCandidate (types: org.springframework.transaction.PlatformTransactionManager; SearchStrategy: all) found a primary bean from beans 'transactionManager' (OnBeanCondition)

   TransactionAutoConfiguration.TransactionTemplateConfiguration#transactionTemplate matched:
      - @ConditionalOnMissingBean (types: org.springframework.transaction.support.TransactionTemplate; SearchStrategy: all) did not find any beans (OnBeanCondition)


Negative matches:
-----------------

   ActiveMQAutoConfiguration:
      Did not match:
         - @ConditionalOnClass did not find required class 'javax.jms.ConnectionFactory' (OnClassCondition)

   AopAutoConfiguration:
      Did not match:
         - @ConditionalOnClass did not find required class 'org.aspectj.lang.annotation.Aspect' (OnClassCondition)

   ArtemisAutoConfiguration:
      Did not match:
         - @ConditionalOnClass did not find required class 'javax.jms.ConnectionFactory' (OnClassCondition)

   BatchAutoConfiguration:
      Did not match:
         - @ConditionalOnBean (types: org.springframework.batch.core.launch.JobLauncher; SearchStrategy: all) did not find any beans of type org.springframework.batch.core.launch.JobLauncher (OnBeanCondition)
      Matched:
         - @ConditionalOnClass found required classes 'org.springframework.batch.core.launch.JobLauncher', 'javax.sql.DataSource', 'org.springframework.jdbc.core.JdbcOperations' (OnClassCondition)

   BatchConfigurerConfiguration.JpaBatchConfiguration:
      Did not match:
         - @ConditionalOnClass did not find required class 'javax.persistence.EntityManagerFactory' (OnClassCondition)

   CacheAutoConfiguration:
      Did not match:
         - @ConditionalOnBean (types: org.springframework.cache.interceptor.CacheAspectSupport; SearchStrategy: all) did not find any beans of type org.springframework.cache.interceptor.CacheAspectSupport (OnBeanCondition)
      Matched:
         - @ConditionalOnClass found required class 'org.springframework.cache.CacheManager' (OnClassCondition)

   CacheAutoConfiguration.CacheManagerJpaDependencyConfiguration:
      Did not match:
         - @ConditionalOnClass did not find required class 'org.springframework.orm.jpa.LocalContainerEntityManagerFactoryBean' (OnClassCondition)
         - Ancestor org.springframework.boot.autoconfigure.cache.CacheAutoConfiguration did not match (ConditionEvaluationReport.AncestorsMatchedCondition)

   CaffeineCacheConfiguration:
      Did not match:
         - @ConditionalOnClass did not find required class 'com.github.benmanes.caffeine.cache.Caffeine' (OnClassCondition)

   CassandraAutoConfiguration:
      Did not match:
         - @ConditionalOnClass did not find required class 'com.datastax.driver.core.Cluster' (OnClassCondition)

   CassandraDataAutoConfiguration:
      Did not match:
         - @ConditionalOnClass did not find required class 'com.datastax.driver.core.Cluster' (OnClassCondition)

   CassandraReactiveDataAutoConfiguration:
      Did not match:
         - @ConditionalOnClass did not find required class 'com.datastax.driver.core.Cluster' (OnClassCondition)

   CassandraReactiveRepositoriesAutoConfiguration:
      Did not match:
         - @ConditionalOnClass did not find required class 'org.springframework.data.cassandra.ReactiveSession' (OnClassCondition)

   CassandraRepositoriesAutoConfiguration:
      Did not match:
         - @ConditionalOnClass did not find required class 'com.datastax.driver.core.Session' (OnClassCondition)

   ClientHttpConnectorAutoConfiguration:
      Did not match:
         - @ConditionalOnClass did not find required class 'org.springframework.web.reactive.function.client.WebClient' (OnClassCondition)

   CloudServiceConnectorsAutoConfiguration:
      Did not match:
         - @ConditionalOnClass did not find required class 'org.springframework.cloud.config.java.CloudScanConfiguration' (OnClassCondition)

   CodecsAutoConfiguration:
      Did not match:
         - @ConditionalOnClass did not find required class 'org.springframework.http.codec.CodecConfigurer' (OnClassCondition)

   CouchbaseAutoConfiguration:
      Did not match:
         - @ConditionalOnClass did not find required class 'com.couchbase.client.java.Cluster' (OnClassCondition)

   CouchbaseCacheConfiguration:
      Did not match:
         - @ConditionalOnClass did not find required classes 'com.couchbase.client.java.Bucket', 'com.couchbase.client.spring.cache.CouchbaseCacheManager' (OnClassCondition)

   CouchbaseDataAutoConfiguration:
      Did not match:
         - @ConditionalOnClass did not find required class 'com.couchbase.client.java.Bucket' (OnClassCondition)

   CouchbaseReactiveDataAutoConfiguration:
      Did not match:
         - @ConditionalOnClass did not find required class 'com.couchbase.client.java.Bucket' (OnClassCondition)

   CouchbaseReactiveRepositoriesAutoConfiguration:
      Did not match:
         - @ConditionalOnClass did not find required class 'com.couchbase.client.java.Bucket' (OnClassCondition)

   CouchbaseRepositoriesAutoConfiguration:
      Did not match:
         - @ConditionalOnClass did not find required class 'com.couchbase.client.java.Bucket' (OnClassCondition)

   DataSourceAutoConfiguration.EmbeddedDatabaseConfiguration:
      Did not match:
         - EmbeddedDataSource found supported pooled data source (DataSourceAutoConfiguration.EmbeddedDatabaseCondition)

   DataSourceAutoConfiguration.PooledDataSourceConfiguration:
      Did not match:
         - @ConditionalOnMissingBean (types: javax.sql.DataSource,javax.sql.XADataSource; SearchStrategy: all) found beans of type 'javax.sql.DataSource' dataSource (OnBeanCondition)
      Matched:
         - AnyNestedCondition 2 matched 0 did not; NestedCondition on DataSourceAutoConfiguration.PooledDataSourceCondition.PooledDataSourceAvailable PooledDataSource found supported DataSource; NestedCondition on DataSourceAutoConfiguration.PooledDataSourceCondition.ExplicitType @ConditionalOnProperty (spring.datasource.type) matched (DataSourceAutoConfiguration.PooledDataSourceCondition)

   DataSourceConfiguration.Dbcp2:
      Did not match:
         - @ConditionalOnClass did not find required class 'org.apache.commons.dbcp2.BasicDataSource' (OnClassCondition)

   DataSourceConfiguration.Hikari:
      Did not match:
         - @ConditionalOnProperty (spring.datasource.type=com.zaxxer.hikari.HikariDataSource) found different value in property 'spring.datasource.type' (OnPropertyCondition)
      Matched:
         - @ConditionalOnClass found required class 'com.zaxxer.hikari.HikariDataSource' (OnClassCondition)

   DataSourceConfiguration.Tomcat:
      Did not match:
         - @ConditionalOnClass did not find required class 'org.apache.tomcat.jdbc.pool.DataSource' (OnClassCondition)

   DataSourceJmxConfiguration.TomcatDataSourceJmxConfiguration:
      Did not match:
         - @ConditionalOnClass did not find required class 'org.apache.tomcat.jdbc.pool.DataSourceProxy' (OnClassCondition)

   DataSourcePoolMetadataProvidersConfiguration.CommonsDbcp2PoolDataSourceMetadataProviderConfiguration:
      Did not match:
         - @ConditionalOnClass did not find required class 'org.apache.commons.dbcp2.BasicDataSource' (OnClassCondition)

   DataSourcePoolMetadataProvidersConfiguration.TomcatDataSourcePoolMetadataProviderConfiguration:
      Did not match:
         - @ConditionalOnClass did not find required class 'org.apache.tomcat.jdbc.pool.DataSource' (OnClassCondition)

   DispatcherServletAutoConfiguration:
      Did not match:
         - @ConditionalOnClass did not find required class 'org.springframework.web.servlet.DispatcherServlet' (OnClassCondition)

   DruidFilterConfiguration#commonsLogFilter:
      Did not match:
         - @ConditionalOnProperty (spring.datasource.druid.filter.commons-log.enabled) did not find property 'enabled' (OnPropertyCondition)

   DruidFilterConfiguration#configFilter:
      Did not match:
         - @ConditionalOnProperty (spring.datasource.druid.filter.config.enabled) did not find property 'enabled' (OnPropertyCondition)

   DruidFilterConfiguration#encodingConvertFilter:
      Did not match:
         - @ConditionalOnProperty (spring.datasource.druid.filter.encoding.enabled) did not find property 'enabled' (OnPropertyCondition)

   DruidFilterConfiguration#log4j2Filter:
      Did not match:
         - @ConditionalOnProperty (spring.datasource.druid.filter.log4j2.enabled) did not find property 'enabled' (OnPropertyCondition)

   DruidFilterConfiguration#log4jFilter:
      Did not match:
         - @ConditionalOnProperty (spring.datasource.druid.filter.log4j.enabled) did not find property 'enabled' (OnPropertyCondition)

   DruidFilterConfiguration#slf4jLogFilter:
      Did not match:
         - @ConditionalOnProperty (spring.datasource.druid.filter.slf4j.enabled) did not find property 'enabled' (OnPropertyCondition)

   DruidFilterConfiguration#statFilter:
      Did not match:
         - @ConditionalOnProperty (spring.datasource.druid.filter.stat.enabled) did not find property 'enabled' (OnPropertyCondition)

   DruidFilterConfiguration#wallConfig:
      Did not match:
         - @ConditionalOnProperty (spring.datasource.druid.filter.wall.enabled) did not find property 'enabled' (OnPropertyCondition)

   DruidFilterConfiguration#wallFilter:
      Did not match:
         - @ConditionalOnProperty (spring.datasource.druid.filter.wall.enabled) did not find property 'enabled' (OnPropertyCondition)

   DruidSpringAopConfiguration:
      Did not match:
         - @ConditionalOnProperty (spring.datasource.druid.aop-patterns) did not find property 'spring.datasource.druid.aop-patterns' (OnPropertyCondition)

   DruidStatViewServletConfiguration:
      Did not match:
         - @ConditionalOnWebApplication (required) did not find servlet web application classes and did not find reactive web application classes (OnWebApplicationCondition)

   DruidWebStatFilterConfiguration:
      Did not match:
         - @ConditionalOnWebApplication (required) did not find servlet web application classes and did not find reactive web application classes (OnWebApplicationCondition)

   EhCacheCacheConfiguration:
      Did not match:
         - @ConditionalOnClass did not find required class 'net.sf.ehcache.Cache' (OnClassCondition)

   ElasticsearchAutoConfiguration:
      Did not match:
         - @ConditionalOnClass did not find required class 'org.elasticsearch.client.Client' (OnClassCondition)

   ElasticsearchDataAutoConfiguration:
      Did not match:
         - @ConditionalOnClass did not find required class 'org.elasticsearch.client.Client' (OnClassCondition)

   ElasticsearchRepositoriesAutoConfiguration:
      Did not match:
         - @ConditionalOnClass did not find required class 'org.elasticsearch.client.Client' (OnClassCondition)

   EmbeddedLdapAutoConfiguration:
      Did not match:
         - @ConditionalOnClass did not find required class 'com.unboundid.ldap.listener.InMemoryDirectoryServer' (OnClassCondition)

   EmbeddedMongoAutoConfiguration:
      Did not match:
         - @ConditionalOnClass did not find required class 'com.mongodb.MongoClient' (OnClassCondition)

   EmbeddedWebServerFactoryCustomizerAutoConfiguration:
      Did not match:
         - @ConditionalOnWebApplication did not find reactive or servlet web application classes (OnWebApplicationCondition)

   ErrorMvcAutoConfiguration:
      Did not match:
         - @ConditionalOnClass did not find required class 'javax.servlet.Servlet' (OnClassCondition)

   ErrorWebFluxAutoConfiguration:
      Did not match:
         - @ConditionalOnClass did not find required class 'org.springframework.web.reactive.config.WebFluxConfigurer' (OnClassCondition)

   FlywayAutoConfiguration:
      Did not match:
         - @ConditionalOnClass did not find required class 'org.flywaydb.core.Flyway' (OnClassCondition)

   FreeMarkerAutoConfiguration:
      Did not match:
         - @ConditionalOnClass did not find required class 'freemarker.template.Configuration' (OnClassCondition)

   GroovyTemplateAutoConfiguration:
      Did not match:
         - @ConditionalOnClass did not find required class 'groovy.text.markup.MarkupTemplateEngine' (OnClassCondition)

   GsonAutoConfiguration:
      Did not match:
         - @ConditionalOnClass did not find required class 'com.google.gson.Gson' (OnClassCondition)

   H2ConsoleAutoConfiguration:
      Did not match:
         - @ConditionalOnClass did not find required class 'org.h2.server.web.WebServlet' (OnClassCondition)

   HazelcastAutoConfiguration:
      Did not match:
         - @ConditionalOnClass did not find required class 'com.hazelcast.core.HazelcastInstance' (OnClassCondition)

   HazelcastCacheConfiguration:
      Did not match:
         - @ConditionalOnClass did not find required classes 'com.hazelcast.core.HazelcastInstance', 'com.hazelcast.spring.cache.HazelcastCacheManager' (OnClassCondition)

   HazelcastJpaDependencyAutoConfiguration:
      Did not match:
         - @ConditionalOnClass did not find required class 'com.hazelcast.core.HazelcastInstance' (OnClassCondition)

   HibernateJpaAutoConfiguration:
      Did not match:
         - @ConditionalOnClass did not find required class 'javax.persistence.EntityManager' (OnClassCondition)

   HttpEncodingAutoConfiguration:
      Did not match:
         - @ConditionalOnClass did not find required class 'org.springframework.web.filter.CharacterEncodingFilter' (OnClassCondition)

   HttpHandlerAutoConfiguration:
      Did not match:
         - @ConditionalOnClass did not find required class 'org.springframework.http.server.reactive.HttpHandler' (OnClassCondition)

   HttpMessageConvertersAutoConfiguration:
      Did not match:
         - @ConditionalOnClass did not find required class 'org.springframework.http.converter.HttpMessageConverter' (OnClassCondition)

   HypermediaAutoConfiguration:
      Did not match:
         - @ConditionalOnClass did not find required class 'org.springframework.hateoas.Resource' (OnClassCondition)

   InfinispanCacheConfiguration:
      Did not match:
         - @ConditionalOnClass did not find required class 'org.infinispan.spring.provider.SpringEmbeddedCacheManager' (OnClassCondition)

   InfluxDbAutoConfiguration:
      Did not match:
         - @ConditionalOnClass did not find required class 'org.influxdb.InfluxDB' (OnClassCondition)

   IntegrationAutoConfiguration:
      Did not match:
         - @ConditionalOnClass did not find required class 'org.springframework.integration.config.EnableIntegration' (OnClassCondition)

   JCacheCacheConfiguration:
      Did not match:
         - @ConditionalOnClass did not find required class 'javax.cache.Caching' (OnClassCondition)

   JacksonAutoConfiguration.Jackson2ObjectMapperBuilderCustomizerConfiguration:
      Did not match:
         - @ConditionalOnClass did not find required class 'org.springframework.http.converter.json.Jackson2ObjectMapperBuilder' (OnClassCondition)

   JacksonAutoConfiguration.JacksonObjectMapperBuilderConfiguration:
      Did not match:
         - @ConditionalOnClass did not find required class 'org.springframework.http.converter.json.Jackson2ObjectMapperBuilder' (OnClassCondition)

   JacksonAutoConfiguration.JacksonObjectMapperConfiguration:
      Did not match:
         - @ConditionalOnClass did not find required class 'org.springframework.http.converter.json.Jackson2ObjectMapperBuilder' (OnClassCondition)

   JacksonAutoConfiguration.JodaDateTimeJacksonConfiguration:
      Did not match:
         - @ConditionalOnClass did not find required classes 'org.springframework.http.converter.json.Jackson2ObjectMapperBuilder', 'org.joda.time.DateTime', 'com.fasterxml.jackson.datatype.joda.ser.DateTimeSerializer', 'com.fasterxml.jackson.datatype.joda.cfg.JacksonJodaDateFormat' (OnClassCondition)

   JacksonAutoConfiguration.ParameterNamesModuleConfiguration:
      Did not match:
         - @ConditionalOnClass did not find required class 'com.fasterxml.jackson.module.paramnames.ParameterNamesModule' (OnClassCondition)

   JdbcRepositoriesAutoConfiguration:
      Did not match:
         - @ConditionalOnClass did not find required class 'org.springframework.data.jdbc.repository.config.JdbcConfiguration' (OnClassCondition)

   JerseyAutoConfiguration:
      Did not match:
         - @ConditionalOnClass did not find required class 'javax.servlet.ServletRegistration' (OnClassCondition)

   JestAutoConfiguration:
      Did not match:
         - @ConditionalOnClass did not find required class 'io.searchbox.client.JestClient' (OnClassCondition)

   JmsAutoConfiguration:
      Did not match:
         - @ConditionalOnClass did not find required class 'javax.jms.Message' (OnClassCondition)

   JndiConnectionFactoryAutoConfiguration:
      Did not match:
         - @ConditionalOnClass did not find required class 'org.springframework.jms.core.JmsTemplate' (OnClassCondition)

   JndiDataSourceAutoConfiguration:
      Did not match:
         - @ConditionalOnProperty (spring.datasource.jndi-name) did not find property 'jndi-name' (OnPropertyCondition)
      Matched:
         - @ConditionalOnClass found required classes 'javax.sql.DataSource', 'org.springframework.jdbc.datasource.embedded.EmbeddedDatabaseType' (OnClassCondition)

   JooqAutoConfiguration:
      Did not match:
         - @ConditionalOnClass did not find required class 'org.jooq.DSLContext' (OnClassCondition)

   JpaRepositoriesAutoConfiguration:
      Did not match:
         - @ConditionalOnClass did not find required class 'org.springframework.data.jpa.repository.JpaRepository' (OnClassCondition)

   JsonbAutoConfiguration:
      Did not match:
         - @ConditionalOnClass did not find required class 'javax.json.bind.Jsonb' (OnClassCondition)

   JtaAutoConfiguration:
      Did not match:
         - @ConditionalOnClass did not find required class 'javax.transaction.Transaction' (OnClassCondition)

   KafkaAutoConfiguration:
      Did not match:
         - @ConditionalOnClass did not find required class 'org.springframework.kafka.core.KafkaTemplate' (OnClassCondition)

   LdapAutoConfiguration:
      Did not match:
         - @ConditionalOnClass did not find required class 'org.springframework.ldap.core.ContextSource' (OnClassCondition)

   LdapRepositoriesAutoConfiguration:
      Did not match:
         - @ConditionalOnClass did not find required class 'org.springframework.data.ldap.repository.LdapRepository' (OnClassCondition)

   LiquibaseAutoConfiguration:
      Did not match:
         - @ConditionalOnClass did not find required class 'liquibase.change.DatabaseChange' (OnClassCondition)

   MailSenderAutoConfiguration:
      Did not match:
         - @ConditionalOnClass did not find required class 'javax.mail.internet.MimeMessage' (OnClassCondition)

   MailSenderValidatorAutoConfiguration:
      Did not match:
         - @ConditionalOnProperty (spring.mail.test-connection) did not find property 'test-connection' (OnPropertyCondition)

   MessageSourceAutoConfiguration:
      Did not match:
         - ResourceBundle did not find bundle with basename messages (MessageSourceAutoConfiguration.ResourceBundleCondition)

   MongoAutoConfiguration:
      Did not match:
         - @ConditionalOnClass did not find required class 'com.mongodb.MongoClient' (OnClassCondition)

   MongoDataAutoConfiguration:
      Did not match:
         - @ConditionalOnClass did not find required class 'com.mongodb.client.MongoClient' (OnClassCondition)

   MongoReactiveAutoConfiguration:
      Did not match:
         - @ConditionalOnClass did not find required class 'com.mongodb.reactivestreams.client.MongoClient' (OnClassCondition)

   MongoReactiveDataAutoConfiguration:
      Did not match:
         - @ConditionalOnClass did not find required class 'com.mongodb.reactivestreams.client.MongoClient' (OnClassCondition)

   MongoReactiveRepositoriesAutoConfiguration:
      Did not match:
         - @ConditionalOnClass did not find required class 'com.mongodb.reactivestreams.client.MongoClient' (OnClassCondition)

   MongoRepositoriesAutoConfiguration:
      Did not match:
         - @ConditionalOnClass did not find required class 'com.mongodb.MongoClient' (OnClassCondition)

   MultipartAutoConfiguration:
      Did not match:
         - @ConditionalOnClass did not find required class 'javax.servlet.MultipartConfigElement' (OnClassCondition)

   MustacheAutoConfiguration:
      Did not match:
         - @ConditionalOnClass did not find required class 'com.samskivert.mustache.Mustache' (OnClassCondition)

   Neo4jDataAutoConfiguration:
      Did not match:
         - @ConditionalOnClass did not find required class 'org.neo4j.ogm.session.SessionFactory' (OnClassCondition)

   Neo4jRepositoriesAutoConfiguration:
      Did not match:
         - @ConditionalOnClass did not find required class 'org.neo4j.ogm.session.Neo4jSession' (OnClassCondition)

   OAuth2ClientAutoConfiguration:
      Did not match:
         - @ConditionalOnClass did not find required class 'org.springframework.security.config.annotation.web.configuration.EnableWebSecurity' (OnClassCondition)

   OAuth2ResourceServerAutoConfiguration:
      Did not match:
         - @ConditionalOnClass did not find required class 'org.springframework.security.oauth2.jwt.JwtDecoder' (OnClassCondition)

   ProjectInfoAutoConfiguration#buildProperties:
      Did not match:
         - @ConditionalOnResource did not find resource '${spring.info.build.location:classpath:META-INF/build-info.properties}' (OnResourceCondition)

   ProjectInfoAutoConfiguration#gitProperties:
      Did not match:
         - GitResource did not find git info at classpath:git.properties (ProjectInfoAutoConfiguration.GitResourceAvailableCondition)

   RabbitAutoConfiguration:
      Did not match:
         - @ConditionalOnClass did not find required class 'com.rabbitmq.client.Channel' (OnClassCondition)

   ReactiveOAuth2ClientAutoConfiguration:
      Did not match:
         - @ConditionalOnClass did not find required class 'reactor.core.publisher.Flux' (OnClassCondition)

   ReactiveOAuth2ResourceServerAutoConfiguration:
      Did not match:
         - @ConditionalOnClass did not find required class 'org.springframework.security.config.annotation.web.reactive.EnableWebFluxSecurity' (OnClassCondition)

   ReactiveSecurityAutoConfiguration:
      Did not match:
         - @ConditionalOnClass did not find required class 'reactor.core.publisher.Flux' (OnClassCondition)

   ReactiveUserDetailsServiceAutoConfiguration:
      Did not match:
         - @ConditionalOnClass did not find required class 'org.springframework.security.authentication.ReactiveAuthenticationManager' (OnClassCondition)

   ReactiveWebServerFactoryAutoConfiguration:
      Did not match:
         - @ConditionalOnClass did not find required class 'org.springframework.http.ReactiveHttpInputMessage' (OnClassCondition)

   ReactorCoreAutoConfiguration:
      Did not match:
         - @ConditionalOnClass did not find required class 'reactor.core.publisher.Flux' (OnClassCondition)

   RedisAutoConfiguration:
      Did not match:
         - @ConditionalOnClass did not find required class 'org.springframework.data.redis.core.RedisOperations' (OnClassCondition)

   RedisCacheConfiguration:
      Did not match:
         - @ConditionalOnClass did not find required class 'org.springframework.data.redis.connection.RedisConnectionFactory' (OnClassCondition)

   RedisReactiveAutoConfiguration:
      Did not match:
         - @ConditionalOnClass did not find required class 'reactor.core.publisher.Flux' (OnClassCondition)

   RedisRepositoriesAutoConfiguration:
      Did not match:
         - @ConditionalOnClass did not find required class 'org.springframework.data.redis.repository.configuration.EnableRedisRepositories' (OnClassCondition)

   RepositoryRestMvcAutoConfiguration:
      Did not match:
         - @ConditionalOnClass did not find required class 'org.springframework.data.rest.webmvc.config.RepositoryRestMvcConfiguration' (OnClassCondition)

   RestClientAutoConfiguration:
      Did not match:
         - @ConditionalOnClass did not find required class 'org.elasticsearch.client.RestClient' (OnClassCondition)

   RestTemplateAutoConfiguration:
      Did not match:
         - @ConditionalOnClass did not find required class 'org.springframework.web.client.RestTemplate' (OnClassCondition)

   SecurityAutoConfiguration:
      Did not match:
         - @ConditionalOnClass did not find required class 'org.springframework.security.authentication.DefaultAuthenticationEventPublisher' (OnClassCondition)

   SecurityFilterAutoConfiguration:
      Did not match:
         - @ConditionalOnClass did not find required class 'org.springframework.security.config.http.SessionCreationPolicy' (OnClassCondition)

   SecurityRequestMatcherProviderAutoConfiguration:
      Did not match:
         - @ConditionalOnClass did not find required class 'org.springframework.security.web.util.matcher.RequestMatcher' (OnClassCondition)

   SendGridAutoConfiguration:
      Did not match:
         - @ConditionalOnClass did not find required class 'com.sendgrid.SendGrid' (OnClassCondition)

   ServletWebServerFactoryAutoConfiguration:
      Did not match:
         - @ConditionalOnClass did not find required class 'javax.servlet.ServletRequest' (OnClassCondition)

   SessionAutoConfiguration:
      Did not match:
         - @ConditionalOnClass did not find required class 'org.springframework.session.Session' (OnClassCondition)

   SolrAutoConfiguration:
      Did not match:
         - @ConditionalOnClass did not find required class 'org.apache.solr.client.solrj.impl.CloudSolrClient' (OnClassCondition)

   SolrRepositoriesAutoConfiguration:
      Did not match:
         - @ConditionalOnClass did not find required class 'org.apache.solr.client.solrj.SolrClient' (OnClassCondition)

   SpringDataWebAutoConfiguration:
      Did not match:
         - @ConditionalOnClass did not find required class 'org.springframework.data.web.PageableHandlerMethodArgumentResolver' (OnClassCondition)

   TaskSchedulingAutoConfiguration#taskScheduler:
      Did not match:
         - @ConditionalOnBean (names: org.springframework.context.annotation.internalScheduledAnnotationProcessor; SearchStrategy: all) did not find any beans named org.springframework.context.annotation.internalScheduledAnnotationProcessor (OnBeanCondition)

   ThymeleafAutoConfiguration:
      Did not match:
         - @ConditionalOnClass did not find required class 'org.thymeleaf.spring5.SpringTemplateEngine' (OnClassCondition)

   TransactionAutoConfiguration.EnableTransactionManagementConfiguration.JdkDynamicAutoProxyConfiguration:
      Did not match:
         - @ConditionalOnProperty (spring.aop.proxy-target-class=false) did not find property 'proxy-target-class' (OnPropertyCondition)

   UserDetailsServiceAutoConfiguration:
      Did not match:
         - @ConditionalOnClass did not find required class 'org.springframework.security.authentication.AuthenticationManager' (OnClassCondition)

   ValidationAutoConfiguration:
      Did not match:
         - @ConditionalOnClass did not find required class 'javax.validation.executable.ExecutableValidator' (OnClassCondition)

   WebClientAutoConfiguration:
      Did not match:
         - @ConditionalOnClass did not find required class 'org.springframework.web.reactive.function.client.WebClient' (OnClassCondition)

   WebFluxAutoConfiguration:
      Did not match:
         - @ConditionalOnClass did not find required class 'org.springframework.web.reactive.config.WebFluxConfigurer' (OnClassCondition)

   WebMvcAutoConfiguration:
      Did not match:
         - @ConditionalOnClass did not find required class 'javax.servlet.Servlet' (OnClassCondition)

   WebServiceTemplateAutoConfiguration:
      Did not match:
         - @ConditionalOnClass did not find required class 'org.springframework.oxm.Marshaller' (OnClassCondition)

   WebServicesAutoConfiguration:
      Did not match:
         - @ConditionalOnClass did not find required class 'org.springframework.ws.transport.http.MessageDispatcherServlet' (OnClassCondition)

   WebSocketMessagingAutoConfiguration:
      Did not match:
         - @ConditionalOnClass did not find required class 'org.springframework.web.socket.config.annotation.WebSocketMessageBrokerConfigurer' (OnClassCondition)

   WebSocketReactiveAutoConfiguration:
      Did not match:
         - @ConditionalOnClass did not find required class 'javax.servlet.Servlet' (OnClassCondition)

   WebSocketServletAutoConfiguration:
      Did not match:
         - @ConditionalOnClass did not find required class 'javax.servlet.Servlet' (OnClassCondition)

   XADataSourceAutoConfiguration:
      Did not match:
         - @ConditionalOnClass did not find required class 'javax.transaction.TransactionManager' (OnClassCondition)


Exclusions:
-----------

    None


Unconditional classes:
----------------------

    org.springframework.boot.autoconfigure.context.ConfigurationPropertiesAutoConfiguration

    org.springframework.boot.autoconfigure.context.PropertyPlaceholderAutoConfiguration

    org.springframework.boot.autoconfigure.info.ProjectInfoAutoConfiguration



17:12:26.983 DEBUG  [main] o.s.c.e.PropertySourcesPropertyResolver - Found key 'spring.liveBeansView.mbeanDomain' in PropertySource 'systemProperties' with value of type String
17:12:26.992 INFO   [main] c.c.dubbo.springtest.Application - Started Application in 4.666 seconds (JVM running for 6.244)
